# JRE version: Java(TM) SE Runtime Environment (20.0.1+9) (build 20.0.1+9-29)
# Java VM: Java HotSpot(TM) 64-Bit Server VM (20.0.1+9-29, mixed mode, sharing, tiered, compressed oops, compressed class ptrs, g1 gc, windows-amd64)
GC Precious Log:
 CardTable entry size: 512
 Card Set container configuration: InlinePtr #cards 4 size 8 Array Of Cards #cards 16 size 48 Howl #buckets 8 coarsen threshold 3686 Howl Bitmap #cards 512 size 80 coarsen threshold 460 Card regions per heap region 1 cards per card region 4096
 CPUs: 16 total, 16 available
 Memory: 15695M
 Large Page Support: Disabled
 NUMA Support: Disabled
 Compressed Oops: Enabled (Zero based)
 Heap Region Size: 2M
 Heap Min Capacity: 8M
 Heap Initial Capacity: 246M
 Heap Max Capacity: 3924M
 Pre-touch: Disabled
 Parallel Workers: 13
 Concurrent Workers: 3
 Concurrent Refinement Workers: 13
 Periodic GC: Disabled
Heap:
 garbage-first heap   total 69632K, used 52569K [0x000000070ac00000, 0x0000000800000000)
  region size 2048K, 16 young (32768K), 2 survivors (4096K)
 Metaspace       used 50900K, committed 51776K, reserved 1114112K
  class space    used 5998K, committed 6336K, reserved 1048576K
GC Heap History (20 events):
Event: 524.386 GC heap after
{Heap after GC invocations=18 (full 5):
 garbage-first heap   total 69632K, used 18718K [0x000000070ac00000, 0x0000000800000000)
  region size 2048K, 0 young (0K), 0 survivors (0K)
 Metaspace       used 49092K, committed 49856K, reserved 1114112K
  class space    used 5920K, committed 6272K, reserved 1048576K
}
Event: 559.843 GC heap before
{Heap before GC invocations=18 (full 5):
 garbage-first heap   total 69632K, used 57630K [0x000000070ac00000, 0x0000000800000000)
  region size 2048K, 20 young (40960K), 0 survivors (0K)
 Metaspace       used 49298K, committed 50112K, reserved 1114112K
  class space    used 5931K, committed 6272K, reserved 1048576K
}
Event: 559.932 GC heap after
{Heap after GC invocations=19 (full 6):
 garbage-first heap   total 69632K, used 18835K [0x000000070ac00000, 0x0000000800000000)
  region size 2048K, 0 young (0K), 0 survivors (0K)
 Metaspace       used 49295K, committed 50112K, reserved 1114112K
  class space    used 5930K, committed 6272K, reserved 1048576K
}
Event: 584.113 GC heap before
{Heap before GC invocations=19 (full 6):
 garbage-first heap   total 69632K, used 55699K [0x000000070ac00000, 0x0000000800000000)
  region size 2048K, 19 young (38912K), 0 survivors (0K)
 Metaspace       used 49479K, committed 50304K, reserved 1114112K
  class space    used 5937K, committed 6272K, reserved 1048576K
}
Event: 584.186 GC heap after
{Heap after GC invocations=20 (full 7):
 garbage-first heap   total 69632K, used 18788K [0x000000070ac00000, 0x0000000800000000)
  region size 2048K, 0 young (0K), 0 survivors (0K)
 Metaspace       used 49477K, committed 50304K, reserved 1114112K
  class space    used 5937K, committed 6272K, reserved 1048576K
}
Event: 626.262 GC heap before
{Heap before GC invocations=20 (full 7):
 garbage-first heap   total 69632K, used 59748K [0x000000070ac00000, 0x0000000800000000)
  region size 2048K, 20 young (40960K), 0 survivors (0K)
 Metaspace       used 49813K, committed 50624K, reserved 1114112K
  class space    used 5962K, committed 6272K, reserved 1048576K
}
Event: 626.267 GC heap after
{Heap after GC invocations=21 (full 7):
 garbage-first heap   total 69632K, used 21806K [0x000000070ac00000, 0x0000000800000000)
  region size 2048K, 2 young (4096K), 2 survivors (4096K)
 Metaspace       used 49813K, committed 50624K, reserved 1114112K
  class space    used 5962K, committed 6272K, reserved 1048576K
}
Event: 626.711 GC heap before
{Heap before GC invocations=21 (full 7):
 garbage-first heap   total 69632K, used 21806K [0x000000070ac00000, 0x0000000800000000)
  region size 2048K, 3 young (6144K), 2 survivors (4096K)
 Metaspace       used 49819K, committed 50624K, reserved 1114112K
  class space    used 5963K, committed 6272K, reserved 1048576K
}
Event: 626.786 GC heap after
{Heap after GC invocations=22 (full 8):
 garbage-first heap   total 69632K, used 19079K [0x000000070ac00000, 0x0000000800000000)
  region size 2048K, 0 young (0K), 0 survivors (0K)
 Metaspace       used 49816K, committed 50624K, reserved 1114112K
  class space    used 5962K, committed 6272K, reserved 1048576K
}
Event: 654.138 GC heap before
{Heap before GC invocations=22 (full 8):
 garbage-first heap   total 69632K, used 57991K [0x000000070ac00000, 0x0000000800000000)
  region size 2048K, 20 young (40960K), 0 survivors (0K)
 Metaspace       used 50023K, committed 50880K, reserved 1114112K
  class space    used 5970K, committed 6336K, reserved 1048576K
}
Event: 654.215 GC heap after
{Heap after GC invocations=23 (full 9):
 garbage-first heap   total 69632K, used 19162K [0x000000070ac00000, 0x0000000800000000)
  region size 2048K, 0 young (0K), 0 survivors (0K)
 Metaspace       used 50020K, committed 50880K, reserved 1114112K
  class space    used 5969K, committed 6336K, reserved 1048576K
}
Event: 670.333 GC heap before
{Heap before GC invocations=23 (full 9):
 garbage-first heap   total 69632K, used 58074K [0x000000070ac00000, 0x0000000800000000)
  region size 2048K, 20 young (40960K), 0 survivors (0K)
 Metaspace       used 50239K, committed 51136K, reserved 1114112K
  class space    used 5977K, committed 6336K, reserved 1048576K
}
Event: 670.410 GC heap after
{Heap after GC invocations=24 (full 10):
 garbage-first heap   total 69632K, used 19249K [0x000000070ac00000, 0x0000000800000000)
  region size 2048K, 0 young (0K), 0 survivors (0K)
 Metaspace       used 50236K, committed 51136K, reserved 1114112K
  class space    used 5976K, committed 6336K, reserved 1048576K
}
Event: 722.388 GC heap before
{Heap before GC invocations=24 (full 10):
 garbage-first heap   total 69632K, used 58161K [0x000000070ac00000, 0x0000000800000000)
  region size 2048K, 20 young (40960K), 0 survivors (0K)
 Metaspace       used 50469K, committed 51264K, reserved 1114112K
  class space    used 5984K, committed 6336K, reserved 1048576K
}
Event: 722.487 GC heap after
{Heap after GC invocations=25 (full 11):
 garbage-first heap   total 69632K, used 19821K [0x000000070ac00000, 0x0000000800000000)
  region size 2048K, 0 young (0K), 0 survivors (0K)
 Metaspace       used 50467K, committed 51264K, reserved 1114112K
  class space    used 5983K, committed 6336K, reserved 1048576K
}
Event: 738.535 GC heap before
{Heap before GC invocations=25 (full 11):
 garbage-first heap   total 69632K, used 54637K [0x000000070ac00000, 0x0000000800000000)
  region size 2048K, 19 young (38912K), 0 survivors (0K)
 Metaspace       used 50678K, committed 51520K, reserved 1114112K
  class space    used 5992K, committed 6336K, reserved 1048576K
}
Event: 738.629 GC heap after
{Heap after GC invocations=26 (full 12):
 garbage-first heap   total 69632K, used 21462K [0x000000070ac00000, 0x0000000800000000)
  region size 2048K, 0 young (0K), 0 survivors (0K)
 Metaspace       used 50678K, committed 51520K, reserved 1114112K
  class space    used 5992K, committed 6336K, reserved 1048576K
}
Event: 759.824 GC heap before
{Heap before GC invocations=26 (full 12):
 garbage-first heap   total 69632K, used 58326K [0x000000070ac00000, 0x0000000800000000)
  region size 2048K, 18 young (36864K), 0 survivors (0K)
 Metaspace       used 50812K, committed 51648K, reserved 1114112K
  class space    used 5998K, committed 6336K, reserved 1048576K
}
Event: 759.828 GC heap after
{Heap after GC invocations=27 (full 12):
 garbage-first heap   total 69632K, used 24260K [0x000000070ac00000, 0x0000000800000000)
  region size 2048K, 2 young (4096K), 2 survivors (4096K)
 Metaspace       used 50812K, committed 51648K, reserved 1114112K
  class space    used 5998K, committed 6336K, reserved 1048576K
}
Event: 1325.095 GC heap before
{Heap before GC invocations=27 (full 12):
 garbage-first heap   total 69632K, used 50884K [0x000000070ac00000, 0x0000000800000000)
  region size 2048K, 16 young (32768K), 2 survivors (4096K)
 Metaspace       used 50900K, committed 51776K, reserved 1114112K
  class space    used 5998K, committed 6336K, reserved 1048576K
}

